#
# There is insufficient memory for the Java Runtime Environment to continue.
# Native memory allocation (mmap) failed to map 8589934592 bytes for committing reserved memory.
# Possible reasons:
#   The system is out of physical RAM or swap space
#   The process is running with CompressedOops enabled, and the Java Heap may be blocking the growth of the native heap
# Possible solutions:
#   Reduce memory load on the system
#   Increase physical memory or swap space
#   Check if swap backing store is full
#   Decrease Java heap size (-Xmx/-Xms)
#   Decrease number of Java threads
#   Decrease Java thread stack sizes (-Xss)
#   Set larger code cache with -XX:ReservedCodeCacheSize=
#   JVM is running with Zero Based Compressed Oops mode in which the Java heap is
#     placed in the first 32GB address space. The Java Heap base address is the
#     maximum limit for the native heap growth. Please use -XX:HeapBaseMinAddress
#     to set the Java Heap base and to place the Java Heap above 32GB virtual address.
# This output file may be truncated or incomplete.
#
#  Out of Memory Error (os_linux.cpp:2782), pid=8470, tid=8473
#
# JRE version:  (17.0.9+11) (build )
# Java VM: Java HotSpot(TM) 64-Bit Server VM (17.0.9+11-LTS-jvmci-23.0-b21, mixed mode, sharing, tiered, jvmci, jvmci compiler, compressed oops, compressed class ptrs, g1 gc, linux-amd64)
# Core dump will be written. Default location: Core dumps may be processed with "/usr/share/apport/apport -p%p -s%s -c%c -d%d -P%P -u%u -g%g -- %E" (or dumping to /workspaces/fast/core.8470)
#

---------------  S U M M A R Y ------------

Command Line: -XX:ThreadPriorityPolicy=1 -XX:+UnlockExperimentalVMOptions -XX:+EnableJVMCIProduct -XX:-UnlockExperimentalVMOptions -Xms8G -Xmx14G -XX:+UseG1GC -XX:+ParallelRefProcEnabled -XX:MaxGCPauseMillis=200 -XX:+UnlockExperimentalVMOptions -XX:+UnlockDiagnosticVMOptions -XX:+DisableExplicitGC -XX:+AlwaysPreTouch -XX:G1NewSizePercent=30 -XX:G1MaxNewSizePercent=40 -XX:G1HeapRegionSize=8M -XX:G1ReservePercent=20 -XX:G1HeapWastePercent=5 -XX:G1MixedGCCountTarget=4 -XX:InitiatingHeapOccupancyPercent=15 -XX:G1MixedGCLiveThresholdPercent=90 -XX:G1RSetUpdatingPauseTimePercent=5 -XX:SurvivorRatio=32 -XX:+PerfDisableSharedMem -XX:MaxTenuringThreshold=1 -XX:-UseBiasedLocking -XX:UseAVX=2 -XX:+UseStringDeduplication -XX:+UseFastUnorderedTimeStamps -XX:+UseAES -XX:+UseAESIntrinsics -XX:UseSSE=4 -XX:+UseFMA -XX:AllocatePrefetchStyle=1 -XX:+UseLoopPredicate -XX:+RangeCheckElimination -XX:+EliminateLocks -XX:+DoEscapeAnalysis -XX:+UseCodeCacheFlushing -XX:+SegmentedCodeCache -XX:+UseFastJNIAccessors -XX:+OptimizeStringConcat -XX:+UseCompressedOops -XX:+UseThreadPriorities -XX:+OmitStackTraceInFastThrow -XX:+TrustFinalNonStaticFields -XX:ThreadPriorityPolicy=1 -XX:+UseInlineCaches -XX:+RewriteBytecodes -XX:+RewriteFrequentPairs -XX:+UseNUMA -XX:-DontCompileHugeMethods -XX:+UseFPUForSpilling -XX:+UseFastStosb -XX:+UseNewLongLShift -XX:+UseVectorCmov -XX:+UseXMMForArrayCopy -XX:+UseXmmI2D -XX:+UseXmmI2F -XX:+UseXmmLoadAndClearUpper -XX:+UseXmmRegToRegMoveAll -Dfile.encoding=UTF-8 -Xlog:async -Djava.security.egd=file:/dev/urandom --add-modules=jdk.incubator.vector server.jar nogui

Host: AMD EPYC 7763 64-Core Processor, 2 cores, 7G, Ubuntu 20.04.6 LTS
Time: Fri Nov 24 07:50:53 2023 UTC elapsed time: 0.052460 seconds (0d 0h 0m 0s)

---------------  T H R E A D  ---------------

Current thread (0x00007fa1dc028bf0):  JavaThread "Unknown thread" [_thread_in_vm, id=8473, stack(0x00007fa1e06ff000,0x00007fa1e0800000)]

Stack: [0x00007fa1e06ff000,0x00007fa1e0800000],  sp=0x00007fa1e07fe3e0,  free space=1020k
Native frames: (J=compiled Java code, j=interpreted, Vv=VM code, C=native code)
V  [libjvm.so+0xe1d1a1]  VMError::report_and_die(int, char const*, char const*, __va_list_tag*, Thread*, unsigned char*, void*, void*, char const*, int, unsigned long)+0x1a1
V  [libjvm.so+0xe1dd9d]  VMError::report_and_die(Thread*, char const*, int, unsigned long, VMErrorType, char const*, __va_list_tag*)+0x2d
V  [libjvm.so+0x5e1b9c]  report_vm_out_of_memory(char const*, int, unsigned long, VMErrorType, char const*, ...)+0xdc
V  [libjvm.so+0xbee7cb]  os::pd_commit_memory_or_exit(char*, unsigned long, unsigned long, bool, char const*)+0xeb
V  [libjvm.so+0xbe799d]  os::commit_memory_or_exit(char*, unsigned long, unsigned long, bool, char const*)+0x1d
V  [libjvm.so+0x70e1fe]  G1PageBasedVirtualSpace::commit(unsigned long, unsigned long)+0x18e
V  [libjvm.so+0x722b11]  G1RegionsLargerThanCommitSizeMapper::commit_regions(unsigned int, unsigned long, WorkGang*)+0x1a1
V  [libjvm.so+0x7b6178]  HeapRegionManager::commit_regions(unsigned int, unsigned long, WorkGang*)+0x58
V  [libjvm.so+0x7b7d72]  HeapRegionManager::expand(unsigned int, unsigned int, WorkGang*)+0x32
V  [libjvm.so+0x7b7f9e]  HeapRegionManager::expand_by(unsigned int, WorkGang*)+0x7e
V  [libjvm.so+0x6c7edf]  G1CollectedHeap::expand(unsigned long, WorkGang*, double*)+0xef
V  [libjvm.so+0x6c868f]  G1CollectedHeap::initialize()+0x72f
V  [libjvm.so+0xdcc96d]  universe_init()+0xbd
V  [libjvm.so+0x7d9217]  init_globals()+0x37
V  [libjvm.so+0xda3abf]  Threads::create_vm(JavaVMInitArgs*, bool*)+0x3bf
V  [libjvm.so+0x8a9fe1]  JNI_CreateJavaVM+0x51
C  [libjli.so+0x39eb]  JavaMain+0x8b
C  [libjli.so+0x7d39]  ThreadJavaMain+0x9


---------------  P R O C E S S  ---------------

Threads class SMR info:
_java_thread_list=0x00007fa1e1a66360, length=0, elements={
}

Java Threads: ( => current thread )

Other Threads:
  0x00007fa1dc0546c0 GCTaskThread "GC Thread#0" [stack: 0x00007fa1e0100000,0x00007fa1e0200000] [id=8478]
  0x00007fa1dc063ca0 ConcurrentGCThread "G1 Main Marker" [stack: 0x00007fa1a1700000,0x00007fa1a1800000] [id=8479]
  0x00007fa1dc064c20 ConcurrentGCThread "G1 Conc#0" [stack: 0x00007fa1a15ff000,0x00007fa1a16ff000] [id=8480]

[error occurred during error reporting (printing all threads), id 0xb, SIGSEGV (0xb) at pc=0x00007fa1e0ee0800]

VM state: not at safepoint (not fully initialized)

VM Mutex/Monitor currently owned by a thread:  ([mutex/lock_event])
[0x00007fa1dc026620] Heap_lock - owner thread: 0x00007fa1dc028bf0

Heap address: 0x0000000480000000, size: 14336 MB, Compressed Oops mode: Zero based, Oop shift amount: 3

CDS archive(s) mapped at: [0x0000000000000000-0x0000000000000000-0x0000000000000000), size 0, SharedBaseAddress: 0x0000000800000000, ArchiveRelocationMode: 1.
Narrow klass base: 0x0000000000000000, Narrow klass shift: 0, Narrow klass range: 0x0

GC Precious Log:
<Empty>

Heap:
 garbage-first heap   total 0K, used 0K [0x0000000480000000, 0x0000000800000000)
  region size 8192K, 0 young (0K), 0 survivors (0K)

[error occurred during error reporting (printing heap information), id 0xb, SIGSEGV (0xb) at pc=0x00007fa1e149458a]

GC Heap History (0 events):
No events

Deoptimization events (0 events):
No events

Classes unloaded (0 events):
No events

Classes redefined (0 events):
No events

Internal exceptions (0 events):
No events

VM Operations (0 events):
No events

Events (2 events):
Event: 0.026 Protecting memory [0x00007fa1e06ff000,0x00007fa1e0703000] with protection modes 0
Event: 0.026 Loaded shared library /workspaces/fast/java/lib/libjava.so


Dynamic libraries:
680000000-800000000 ---p 00000000 00:00 0 
564dc7fc1000-564dc7fc2000 r-xp 00000000 07:03 1443716                    /workspaces/fast/java/bin/java
564dc7fc3000-564dc7fc4000 r--p 00001000 07:03 1443716                    /workspaces/fast/java/bin/java
564dc7fc4000-564dc7fc5000 rw-p 00002000 07:03 1443716                    /workspaces/fast/java/bin/java
564dc8ab8000-564dc8ad9000 rw-p 00000000 00:00 0                          [heap]
7fa192000000-7fa194000000 rw-p 00000000 00:00 0 
7fa194000000-7fa194021000 rw-p 00000000 00:00 0 
7fa194021000-7fa198000000 ---p 00000000 00:00 0 
7fa198000000-7fa198021000 rw-p 00000000 00:00 0 
7fa198021000-7fa19c000000 ---p 00000000 00:00 0 
7fa19c000000-7fa19c021000 rw-p 00000000 00:00 0 
7fa19c021000-7fa1a0000000 ---p 00000000 00:00 0 
7fa1a1060000-7fa1a15fe000 rw-p 00000000 00:00 0 
7fa1a15fe000-7fa1a15ff000 ---p 00000000 00:00 0 
7fa1a15ff000-7fa1a16ff000 rw-p 00000000 00:00 0 
7fa1a16ff000-7fa1a1700000 ---p 00000000 00:00 0 
7fa1a1700000-7fa1a1800000 rw-p 00000000 00:00 0 
7fa1a1800000-7fa1c2c00000 ---p 00000000 00:00 0 
7fa1c2c00000-7fa1c2e70000 rwxp 00000000 00:00 0 
7fa1c2e70000-7fa1ca138000 ---p 00000000 00:00 0 
7fa1ca138000-7fa1ca3a8000 rwxp 00000000 00:00 0 
7fa1ca3a8000-7fa1ca6c7000 ---p 00000000 00:00 0 
7fa1ca6c7000-7fa1ca937000 rwxp 00000000 00:00 0 
7fa1ca937000-7fa1d1c00000 ---p 00000000 00:00 0 
7fa1d1c00000-7fa1dbf30000 r--s 00000000 07:03 1443950                    /workspaces/fast/java/lib/modules
7fa1dc000000-7fa1dc079000 rw-p 00000000 00:00 0 
7fa1dc079000-7fa1e0000000 ---p 00000000 00:00 0 
7fa1e00ff000-7fa1e0100000 ---p 00000000 00:00 0 
7fa1e0100000-7fa1e04ed000 rw-p 00000000 00:00 0 
7fa1e04ed000-7fa1e05d3000 ---p 00000000 00:00 0 
7fa1e05d3000-7fa1e05d8000 rw-p 00000000 00:00 0 
7fa1e05d8000-7fa1e06be000 ---p 00000000 00:00 0 
7fa1e06be000-7fa1e06c3000 rw-p 00000000 00:00 0 
7fa1e06c3000-7fa1e06ca000 ---p 00000000 00:00 0 
7fa1e06ca000-7fa1e06ee000 r-xp 00000000 07:03 1443955                    /workspaces/fast/java/lib/libjava.so
7fa1e06ee000-7fa1e06ef000 ---p 00024000 07:03 1443955                    /workspaces/fast/java/lib/libjava.so
7fa1e06ef000-7fa1e06f0000 r--p 00024000 07:03 1443955                    /workspaces/fast/java/lib/libjava.so
7fa1e06f0000-7fa1e06f1000 rw-p 00025000 07:03 1443955                    /workspaces/fast/java/lib/libjava.so
7fa1e06f1000-7fa1e06f2000 rw-p 00000000 00:00 0 
7fa1e06f2000-7fa1e06f5000 r--p 00000000 00:2c 1192049                    /usr/lib/x86_64-linux-gnu/libnuma.so.1.0.0
7fa1e06f5000-7fa1e06fa000 r-xp 00003000 00:2c 1192049                    /usr/lib/x86_64-linux-gnu/libnuma.so.1.0.0
7fa1e06fa000-7fa1e06fc000 r--p 00008000 00:2c 1192049                    /usr/lib/x86_64-linux-gnu/libnuma.so.1.0.0
7fa1e06fc000-7fa1e06fd000 ---p 0000a000 00:2c 1192049                    /usr/lib/x86_64-linux-gnu/libnuma.so.1.0.0
7fa1e06fd000-7fa1e06fe000 r--p 0000a000 00:2c 1192049                    /usr/lib/x86_64-linux-gnu/libnuma.so.1.0.0
7fa1e06fe000-7fa1e06ff000 rw-p 0000b000 00:2c 1192049                    /usr/lib/x86_64-linux-gnu/libnuma.so.1.0.0
7fa1e06ff000-7fa1e0703000 ---p 00000000 00:00 0 
7fa1e0703000-7fa1e0800000 rw-p 00000000 00:00 0 
7fa1e0800000-7fa1e192d000 r-xp 00000000 07:03 1444003                    /workspaces/fast/java/lib/server/libjvm.so
7fa1e192d000-7fa1e19e3000 r--p 0112c000 07:03 1444003                    /workspaces/fast/java/lib/server/libjvm.so
7fa1e19e3000-7fa1e1a17000 rw-p 011e2000 07:03 1444003                    /workspaces/fast/java/lib/server/libjvm.so
7fa1e1a17000-7fa1e1a70000 rw-p 00000000 00:00 0 
7fa1e1a79000-7fa1e1a94000 r-xp 00000000 07:03 1443956                    /workspaces/fast/java/lib/libjimage.so
7fa1e1a94000-7fa1e1a95000 ---p 0001b000 07:03 1443956                    /workspaces/fast/java/lib/libjimage.so
7fa1e1a95000-7fa1e1a97000 r--p 0001b000 07:03 1443956                    /workspaces/fast/java/lib/libjimage.so
7fa1e1a97000-7fa1e1a98000 rw-p 0001d000 07:03 1443956                    /workspaces/fast/java/lib/libjimage.so
7fa1e1a98000-7fa1e1aa5000 r--p 00000000 00:2c 1180628                    /usr/lib/x86_64-linux-gnu/libm-2.31.so
7fa1e1aa5000-7fa1e1b4c000 r-xp 0000d000 00:2c 1180628                    /usr/lib/x86_64-linux-gnu/libm-2.31.so
7fa1e1b4c000-7fa1e1be5000 r--p 000b4000 00:2c 1180628                    /usr/lib/x86_64-linux-gnu/libm-2.31.so
7fa1e1be5000-7fa1e1be6000 r--p 0014c000 00:2c 1180628                    /usr/lib/x86_64-linux-gnu/libm-2.31.so
7fa1e1be6000-7fa1e1be7000 rw-p 0014d000 00:2c 1180628                    /usr/lib/x86_64-linux-gnu/libm-2.31.so
7fa1e1be7000-7fa1e1be9000 r--p 00000000 00:2c 1180684                    /usr/lib/x86_64-linux-gnu/librt-2.31.so
7fa1e1be9000-7fa1e1bed000 r-xp 00002000 00:2c 1180684                    /usr/lib/x86_64-linux-gnu/librt-2.31.so
7fa1e1bed000-7fa1e1bef000 r--p 00006000 00:2c 1180684                    /usr/lib/x86_64-linux-gnu/librt-2.31.so
7fa1e1bef000-7fa1e1bf0000 r--p 00007000 00:2c 1180684                    /usr/lib/x86_64-linux-gnu/librt-2.31.so
7fa1e1bf0000-7fa1e1bf1000 rw-p 00008000 00:2c 1180684                    /usr/lib/x86_64-linux-gnu/librt-2.31.so
7fa1e1bf1000-7fa1e1bf3000 rw-p 00000000 00:00 0 
7fa1e1bf3000-7fa1e1c15000 r--p 00000000 00:2c 1180586                    /usr/lib/x86_64-linux-gnu/libc-2.31.so
7fa1e1c15000-7fa1e1d8d000 r-xp 00022000 00:2c 1180586                    /usr/lib/x86_64-linux-gnu/libc-2.31.so
7fa1e1d8d000-7fa1e1ddb000 r--p 0019a000 00:2c 1180586                    /usr/lib/x86_64-linux-gnu/libc-2.31.so
7fa1e1ddb000-7fa1e1ddf000 r--p 001e7000 00:2c 1180586                    /usr/lib/x86_64-linux-gnu/libc-2.31.so
7fa1e1ddf000-7fa1e1de1000 rw-p 001eb000 00:2c 1180586                    /usr/lib/x86_64-linux-gnu/libc-2.31.so
7fa1e1de1000-7fa1e1de5000 rw-p 00000000 00:00 0 
7fa1e1de5000-7fa1e1de6000 r--p 00000000 00:2c 1180597                    /usr/lib/x86_64-linux-gnu/libdl-2.31.so
7fa1e1de6000-7fa1e1de8000 r-xp 00001000 00:2c 1180597                    /usr/lib/x86_64-linux-gnu/libdl-2.31.so
7fa1e1de8000-7fa1e1de9000 r--p 00003000 00:2c 1180597                    /usr/lib/x86_64-linux-gnu/libdl-2.31.so
7fa1e1de9000-7fa1e1dea000 r--p 00003000 00:2c 1180597                    /usr/lib/x86_64-linux-gnu/libdl-2.31.so
7fa1e1dea000-7fa1e1deb000 rw-p 00004000 00:2c 1180597                    /usr/lib/x86_64-linux-gnu/libdl-2.31.so
7fa1e1deb000-7fa1e1df1000 r--p 00000000 00:2c 1180680                    /usr/lib/x86_64-linux-gnu/libpthread-2.31.so
7fa1e1df1000-7fa1e1e02000 r-xp 00006000 00:2c 1180680                    /usr/lib/x86_64-linux-gnu/libpthread-2.31.so
7fa1e1e02000-7fa1e1e08000 r--p 00017000 00:2c 1180680                    /usr/lib/x86_64-linux-gnu/libpthread-2.31.so
7fa1e1e08000-7fa1e1e09000 r--p 0001c000 00:2c 1180680                    /usr/lib/x86_64-linux-gnu/libpthread-2.31.so
7fa1e1e09000-7fa1e1e0a000 rw-p 0001d000 00:2c 1180680                    /usr/lib/x86_64-linux-gnu/libpthread-2.31.so
7fa1e1e0a000-7fa1e1e0e000 rw-p 00000000 00:00 0 
7fa1e1e0e000-7fa1e1e1c000 r-xp 00000000 07:03 1443957                    /workspaces/fast/java/lib/libjli.so
7fa1e1e1c000-7fa1e1e1d000 ---p 0000e000 07:03 1443957                    /workspaces/fast/java/lib/libjli.so
7fa1e1e1d000-7fa1e1e1e000 r--p 0000e000 07:03 1443957                    /workspaces/fast/java/lib/libjli.so
7fa1e1e1e000-7fa1e1e1f000 rw-p 0000f000 07:03 1443957                    /workspaces/fast/java/lib/libjli.so
7fa1e1e1f000-7fa1e1e21000 r--p 00000000 00:2c 1180716                    /usr/lib/x86_64-linux-gnu/libz.so.1.2.11
7fa1e1e21000-7fa1e1e32000 r-xp 00002000 00:2c 1180716                    /usr/lib/x86_64-linux-gnu/libz.so.1.2.11
7fa1e1e32000-7fa1e1e38000 r--p 00013000 00:2c 1180716                    /usr/lib/x86_64-linux-gnu/libz.so.1.2.11
7fa1e1e38000-7fa1e1e39000 ---p 00019000 00:2c 1180716                    /usr/lib/x86_64-linux-gnu/libz.so.1.2.11
7fa1e1e39000-7fa1e1e3a000 r--p 00019000 00:2c 1180716                    /usr/lib/x86_64-linux-gnu/libz.so.1.2.11
7fa1e1e3a000-7fa1e1e3b000 rw-p 0001a000 00:2c 1180716                    /usr/lib/x86_64-linux-gnu/libz.so.1.2.11
7fa1e1e3b000-7fa1e1e45000 rw-p 00000000 00:00 0 
7fa1e1e45000-7fa1e1e46000 ---p 00000000 00:00 0 
7fa1e1e46000-7fa1e1e47000 r--p 00000000 00:00 0 
7fa1e1e47000-7fa1e1e48000 r--p 00000000 00:2c 1180564                    /usr/lib/x86_64-linux-gnu/ld-2.31.so
7fa1e1e48000-7fa1e1e6b000 r-xp 00001000 00:2c 1180564                    /usr/lib/x86_64-linux-gnu/ld-2.31.so
7fa1e1e6b000-7fa1e1e73000 r--p 00024000 00:2c 1180564                    /usr/lib/x86_64-linux-gnu/ld-2.31.so
7fa1e1e73000-7fa1e1e74000 ---p 00000000 00:00 0 
7fa1e1e74000-7fa1e1e75000 r--p 0002c000 00:2c 1180564                    /usr/lib/x86_64-linux-gnu/ld-2.31.so
7fa1e1e75000-7fa1e1e76000 rw-p 0002d000 00:2c 1180564                    /usr/lib/x86_64-linux-gnu/ld-2.31.so
7fa1e1e76000-7fa1e1e77000 rw-p 00000000 00:00 0 
7ffe83b4b000-7ffe83b6d000 rw-p 00000000 00:00 0                          [stack]
7ffe83bd8000-7ffe83bdc000 r--p 00000000 00:00 0                          [vvar]
7ffe83bdc000-7ffe83bde000 r-xp 00000000 00:00 0                          [vdso]
ffffffffff600000-ffffffffff601000 --xp 00000000 00:00 0                  [vsyscall]


VM Arguments:
jvm_args: -XX:ThreadPriorityPolicy=1 -XX:+UnlockExperimentalVMOptions -XX:+EnableJVMCIProduct -XX:-UnlockExperimentalVMOptions -Xms8G -Xmx14G -XX:+UseG1GC -XX:+ParallelRefProcEnabled -XX:MaxGCPauseMillis=200 -XX:+UnlockExperimentalVMOptions -XX:+UnlockDiagnosticVMOptions -XX:+DisableExplicitGC -XX:+AlwaysPreTouch -XX:G1NewSizePercent=30 -XX:G1MaxNewSizePercent=40 -XX:G1HeapRegionSize=8M -XX:G1ReservePercent=20 -XX:G1HeapWastePercent=5 -XX:G1MixedGCCountTarget=4 -XX:InitiatingHeapOccupancyPercent=15 -XX:G1MixedGCLiveThresholdPercent=90 -XX:G1RSetUpdatingPauseTimePercent=5 -XX:SurvivorRatio=32 -XX:+PerfDisableSharedMem -XX:MaxTenuringThreshold=1 -XX:-UseBiasedLocking -XX:UseAVX=2 -XX:+UseStringDeduplication -XX:+UseFastUnorderedTimeStamps -XX:+UseAES -XX:+UseAESIntrinsics -XX:UseSSE=4 -XX:+UseFMA -XX:AllocatePrefetchStyle=1 -XX:+UseLoopPredicate -XX:+RangeCheckElimination -XX:+EliminateLocks -XX:+DoEscapeAnalysis -XX:+UseCodeCacheFlushing -XX:+SegmentedCodeCache -XX:+UseFastJNIAccessors -XX:+OptimizeStringConcat -XX:+UseCompressedOops -XX:+UseThreadPriorities -XX:+OmitStackTraceInFastThrow -XX:+TrustFinalNonStaticFields -XX:ThreadPriorityPolicy=1 -XX:+UseInlineCaches -XX:+RewriteBytecodes -XX:+RewriteFrequentPairs -XX:+UseNUMA -XX:-DontCompileHugeMethods -XX:+UseFPUForSpilling -XX:+UseFastStosb -XX:+UseNewLongLShift -XX:+UseVectorCmov -XX:+UseXMMForArrayCopy -XX:+UseXmmI2D -XX:+UseXmmI2F -XX:+UseXmmLoadAndClearUpper -XX:+UseXmmRegToRegMoveAll -Dfile.encoding=UTF-8 -Xlog:async -Djava.security.egd=file:/dev/urandom --add-modules=jdk.incubator.vector 
java_command: server.jar nogui
java_class_path (initial): server.jar
Launcher Type: SUN_STANDARD

[Global flags]
     intx AllocatePrefetchStyle                    = 1                                         {product} {command line}
     bool AlwaysPreTouch                           = true                                      {product} {command line}
     bool AlwaysTenure                             = false                                     {product} {command line}
     intx CICompilerCount                          = 2                                         {product} {ergonomic}
     uint ConcGCThreads                            = 1                                         {product} {ergonomic}
     bool DisableExplicitGC                        = true                                      {product} {command line}
     bool DoEscapeAnalysis                         = true                                   {C2 product} {command line}
     bool DontCompileHugeMethods                   = false                                     {product} {command line}
     bool EliminateLocks                           = true                                   {C2 product} {command line}
     bool EnableJVMCIProduct                       = true                                {JVMCI product} {jimage}
     uint G1ConcRefinementThreads                  = 2                                         {product} {ergonomic}
     uint G1EagerReclaimRemSetThreshold            = 64                                   {experimental} {ergonomic}
   size_t G1HeapRegionSize                         = 8388608                                   {product} {command line}
    uintx G1HeapWastePercent                       = 5                                         {product} {command line}
    uintx G1MaxNewSizePercent                      = 40                                   {experimental} {command line}
    uintx G1MixedGCCountTarget                     = 4                                         {product} {command line}
    uintx G1MixedGCLiveThresholdPercent            = 90                                   {experimental} {command line}
    uintx G1NewSizePercent                         = 30                                   {experimental} {command line}
     intx G1RSetUpdatingPauseTimePercent           = 5                                         {product} {command line}
    uintx G1ReservePercent                         = 20                                        {product} {command line}
    uintx GCDrainStackTargetSize                   = 64                                        {product} {ergonomic}
   size_t InitialHeapSize                          = 8589934592                                {product} {command line}
    uintx InitialTenuringThreshold                 = 1                                         {product} {ergonomic}
    uintx InitiatingHeapOccupancyPercent           = 15                                        {product} {command line}
   size_t MarkStackSize                            = 4194304                                   {product} {ergonomic}
    uintx MaxGCPauseMillis                         = 200                                       {product} {command line}
   size_t MaxHeapSize                              = 15032385536                               {product} {command line}
    uintx MaxTenuringThreshold                     = 1                                         {product} {command line}
   size_t MinHeapDeltaBytes                        = 8388608                                   {product} {ergonomic}
   size_t MinHeapSize                              = 8589934592                                {product} {command line}
     bool NeverTenure                              = false                                     {product} {command line}
    uintx NonNMethodCodeHeapSize                   = 5826188                                {pd product} {ergonomic}
    uintx NonProfiledCodeHeapSize                  = 122916026                              {pd product} {ergonomic}
     bool OmitStackTraceInFastThrow                = true                                      {product} {command line}
     bool OptimizeStringConcat                     = true                                   {C2 product} {command line}
     bool ParallelRefProcEnabled                   = true                                      {product} {command line}
     bool PerfDisableSharedMem                     = true                                      {product} {command line}
    uintx ProfiledCodeHeapSize                     = 122916026                              {pd product} {ergonomic}
     bool RangeCheckElimination                    = true                                      {product} {command line}
    uintx ReservedCodeCacheSize                    = 251658240                              {pd product} {ergonomic}
     bool RewriteBytecodes                         = true                                   {pd product} {command line}
     bool RewriteFrequentPairs                     = true                                   {pd product} {command line}
     bool SegmentedCodeCache                       = true                                      {product} {command line}
   size_t SoftMaxHeapSize                          = 15032385536                            {manageable} {ergonomic}
    uintx SurvivorRatio                            = 32                                        {product} {command line}
     intx ThreadPriorityPolicy                     = 1                                         {product} {command line}
     bool TrustFinalNonStaticFields                = true                                 {experimental} {command line}
     bool UnlockDiagnosticVMOptions                = true                                   {diagnostic} {command line}
     bool UnlockExperimentalVMOptions              = true                                 {experimental} {command line}
     bool UseAES                                   = true                                      {product} {command line}
     bool UseAESIntrinsics                         = true                                   {diagnostic} {command line}
     intx UseAVX                                   = 2                                    {ARCH product} {command line}
     bool UseBiasedLocking                         = false                                     {product} {command line}
     bool UseCodeCacheFlushing                     = true                                      {product} {command line}
     bool UseCompressedClassPointers               = true                           {product lp64_product} {ergonomic}
     bool UseCompressedOops                        = true                           {product lp64_product} {command line}
     bool UseFMA                                   = true                                      {product} {command line}
     bool UseFPUForSpilling                        = true                                   {C2 product} {command line}
     bool UseFastJNIAccessors                      = true                                      {product} {command line}
     bool UseFastStosb                             = true                                 {ARCH product} {command line}
     bool UseFastUnorderedTimeStamps               = true                                 {experimental} {command line}
     bool UseG1GC                                  = true                                      {product} {command line}
     bool UseInlineCaches                          = true                                      {product} {command line}
     bool UseLoopPredicate                         = true                                   {C2 product} {command line}
     bool UseNUMA                                  = false                                     {product} {command line}
     bool UseNewLongLShift                         = true                                 {ARCH product} {command line}
     intx UseSSE                                   = 4                                    {ARCH product} {command line}
     bool UseStringDeduplication                   = true                                      {product} {command line}
     bool UseThreadPriorities                      = true                                   {pd product} {command line}
     bool UseVectorCmov                            = true                                   {C2 product} {command line}
     bool UseXMMForArrayCopy                       = true                                      {product} {command line}
     bool UseXmmI2D                                = true                                 {ARCH product} {command line}
     bool UseXmmI2F                                = true                                 {ARCH product} {command line}
     bool UseXmmLoadAndClearUpper                  = true                                 {ARCH product} {command line}
     bool UseXmmRegToRegMoveAll                    = true                                 {ARCH product} {command line}

Logging:
Log output configuration:
 #0: stdout all=warning uptime,level,tags
 #1: stderr all=off uptime,level,tags

Environment Variables:
JAVA_HOME=/usr/local/sdkman/candidates/java/current
PATH=/usr/local/rvm/gems/ruby-3.2.2/bin:/usr/local/rvm/gems/ruby-3.2.2@global/bin:/usr/local/rvm/rubies/ruby-3.2.2/bin:/vscode/bin/linux-x64/1a5daa3a0231a0fbba4f14db7ec463cf99d7768e/bin/remote-cli:/home/codespace/.local/bin:/home/codespace/.dotnet:/home/codespace/nvm/current/bin:/home/codespace/.php/current/bin:/home/codespace/.python/current/bin:/home/codespace/java/current/bin:/home/codespace/.ruby/current/bin:/home/codespace/.local/bin:/usr/local/python/current/bin:/usr/local/py-utils/bin:/usr/local/oryx:/usr/local/go/bin:/go/bin:/usr/local/sdkman/bin:/usr/local/sdkman/candidates/java/current/bin:/usr/local/sdkman/candidates/gradle/current/bin:/usr/local/sdkman/candidates/maven/current/bin:/usr/local/sdkman/candidates/ant/current/bin:/usr/local/rvm/gems/default/bin:/usr/local/rvm/gems/default@global/bin:/usr/local/rvm/rubies/default/bin:/usr/local/share/rbenv/bin:/usr/local/php/current/bin:/opt/conda/bin:/usr/local/nvs:/usr/local/share/nvm/versions/node/v20.9.0/bin:/usr/local/hugo/bin:/usr/local/dotnet/current:/usr/local/sbin:/usr/local/bin:/usr/sbin:/usr/bin:/sbin:/bin:/usr/local/rvm/bin
SHELL=/bin/bash
LANG=C.UTF-8

Signal Handlers:
   SIGSEGV: crash_handler in libjvm.so, mask=11100100010111111101111111111110, flags=SA_RESTART|SA_SIGINFO
    SIGBUS: crash_handler in libjvm.so, mask=11100100010111111101111111111110, flags=SA_RESTART|SA_SIGINFO
    SIGFPE: crash_handler in libjvm.so, mask=11100100010111111101111111111110, flags=SA_RESTART|SA_SIGINFO
   SIGPIPE: javaSignalHandler in libjvm.so, mask=11100100010111111101111111111110, flags=SA_RESTART|SA_SIGINFO
   SIGXFSZ: javaSignalHandler in libjvm.so, mask=11100100010111111101111111111110, flags=SA_RESTART|SA_SIGINFO
    SIGILL: crash_handler in libjvm.so, mask=11100100010111111101111111111110, flags=SA_RESTART|SA_SIGINFO
   SIGUSR2: SR_handler in libjvm.so, mask=00000000000000000000000000000000, flags=SA_RESTART|SA_SIGINFO
    SIGHUP: SIG_DFL, mask=00000000000000000000000000000000, flags=none
    SIGINT: SIG_DFL, mask=00000000000000000000000000000000, flags=none
   SIGTERM: SIG_DFL, mask=00000000000000000000000000000000, flags=none
   SIGQUIT: UserHandler in libjvm.so, mask=11100100010111111101111111111110, flags=SA_RESTART|SA_SIGINFO
   SIGTRAP: crash_handler in libjvm.so, mask=11100100010111111101111111111110, flags=SA_RESTART|SA_SIGINFO


---------------  S Y S T E M  ---------------

OS:
DISTRIB_ID=Ubuntu
DISTRIB_RELEASE=20.04
DISTRIB_CODENAME=focal
DISTRIB_DESCRIPTION="Ubuntu 20.04.6 LTS"
uname: Linux 6.2.0-1016-azure #16~22.04.1-Ubuntu SMP Tue Oct 10 17:11:51 UTC 2023 x86_64
OS uptime: 0 days 3:15 hours
libc: glibc 2.31 NPTL 2.31 
rlimit (soft/hard): STACK 8192k/infinity , CORE infinity/infinity , NPROC infinity/infinity , NOFILE 1048576/1048576 , AS infinity/infinity , CPU infinity/infinity , DATA infinity/infinity , FSIZE infinity/infinity , MEMLOCK 8192k/8192k
load average: 0.48 0.81 0.54

/proc/meminfo:
MemTotal:        8120284 kB
MemFree:          506588 kB
MemAvailable:    6163084 kB
Buffers:          328680 kB
Cached:          5382124 kB
SwapCached:            0 kB
Active:          2132332 kB
Inactive:        4987124 kB
Active(anon):       1336 kB
Inactive(anon):  1417652 kB
Active(file):    2130996 kB
Inactive(file):  3569472 kB
Unevictable:       27820 kB
Mlocked:           27820 kB
SwapTotal:             0 kB
SwapFree:              0 kB
Zswap:                 0 kB
Zswapped:              0 kB
Dirty:              1620 kB
Writeback:           116 kB
AnonPages:       1402512 kB
Mapped:           479484 kB
Shmem:              1240 kB
KReclaimable:     269352 kB
Slab:             345764 kB
SReclaimable:     269352 kB
SUnreclaim:        76412 kB
KernelStack:        6752 kB
PageTables:        19576 kB
SecPageTables:         0 kB
NFS_Unstable:          0 kB
Bounce:                0 kB
WritebackTmp:          0 kB
CommitLimit:     4060140 kB
Committed_AS:    3722804 kB
VmallocTotal:   34359738367 kB
VmallocUsed:       41040 kB
VmallocChunk:          0 kB
Percpu:             1128 kB
HardwareCorrupted:     0 kB
AnonHugePages:    667648 kB
ShmemHugePages:        0 kB
ShmemPmdMapped:        0 kB
FileHugePages:         0 kB
FilePmdMapped:         0 kB
HugePages_Total:       0
HugePages_Free:        0
HugePages_Rsvd:        0
HugePages_Surp:        0
Hugepagesize:       2048 kB
Hugetlb:               0 kB
DirectMap4k:      102336 kB
DirectMap2M:     5140480 kB
DirectMap1G:     5242880 kB

/sys/kernel/mm/transparent_hugepage/enabled: [always] madvise never
/sys/kernel/mm/transparent_hugepage/defrag (defrag/compaction efforts parameter): always defer defer+madvise [madvise] never

Process Memory:
Virtual Size: 7582252K (peak: 15967164K)
Resident Set Size: 26396K (peak: 26396K) (anon: 13596K, file: 12800K, shmem: 0K)
Swapped out: 0K
C-Heap outstanding allocations: 9076K, retained: 443K

/proc/sys/kernel/threads-max (system-wide limit on the number of threads): 63403
/proc/sys/vm/max_map_count (maximum number of memory map areas a process may have): 65530
/proc/sys/kernel/pid_max (system-wide limit on number of process identifiers): 4194304

container (cgroup) information:
container_type: cgroupv2
cpu_cpuset_cpus: not supported
cpu_memory_nodes: not supported
active_processor_count: 2
cpu_quota: no quota
cpu_period: 100000
cpu_shares: no shares
memory_limit_in_bytes: unlimited
memory_and_swap_limit_in_bytes: unlimited
memory_soft_limit_in_bytes: unlimited
memory_usage_in_bytes: 2698412 k
memory_max_usage_in_bytes: not supported
memory_swap_current_in_bytes: unlimited
memory_swap_max_limit_in_bytes: unlimited
maximum number of tasks: unlimited
current number of tasks: 107

Hyper-V virtualization detected
Steal ticks since vm start: 0
Steal ticks percentage since vm start:  0.000

CPU: total 2 (initial active 2) (16 cores per cpu, 2 threads per core) family 25 model 1 stepping 1 microcode 0xffffffff, cx8, cmov, fxsr, ht, mmx, 3dnowpref, sse, sse2, sse3, ssse3, sse4a, sse4.1, sse4.2, popcnt, lzcnt, tsc, tscinvbit, avx, avx2, aes, erms, clmul, bmi1, bmi2, adx, sha, fma, vzeroupper, clflush, clflushopt, hv
CPU Model and flags from /proc/cpuinfo:
model name	: AMD EPYC 7763 64-Core Processor
flags		: fpu vme de pse tsc msr pae mce cx8 apic sep mtrr pge mca cmov pat pse36 clflush mmx fxsr sse sse2 ht syscall nx mmxext fxsr_opt pdpe1gb rdtscp lm constant_tsc rep_good nopl tsc_reliable nonstop_tsc cpuid extd_apicid aperfmperf pni pclmulqdq ssse3 fma cx16 pcid sse4_1 sse4_2 movbe popcnt aes xsave avx f16c rdrand hypervisor lahf_lm cmp_legacy svm cr8_legacy abm sse4a misalignsse 3dnowprefetch osvw topoext invpcid_single vmmcall fsgsbase bmi1 avx2 smep bmi2 erms invpcid rdseed adx smap clflushopt clwb sha_ni xsaveopt xsavec xgetbv1 xsaves clzero xsaveerptr rdpru arat npt nrip_save tsc_scale vmcb_clean flushbyasid decodeassists pausefilter pfthreshold v_vmsave_vmload umip vaes vpclmulqdq rdpid fsrm

Online cpus: 0-1
Offline cpus: 
BIOS frequency limitation: <Not Available>
Frequency switch latency (ns): <Not Available>
Available cpu frequencies: <Not Available>
Current governor: <Not Available>
Core performance/turbo boost: <Not Available>

Memory: 4k page, physical 8120284k(502016k free), swap 0k(0k free)
Page Sizes: 4k

vm_info: Java HotSpot(TM) 64-Bit Server VM (17.0.9+11-LTS-jvmci-23.0-b21) for linux-amd64 JRE (17.0.9+11-LTS-jvmci-23.0-b21), built on Oct 11 2023 14:34:18 by "buildslave" with gcc 11.2.0

END.
